<?xml version="1.0" encoding="UTF-8"?>
<!-- Generated by org.testng.reporters.JUnitXMLReporter -->
<testsuite ignored="0" hostname="DESKTOP-KRDCMEH" failures="4" tests="8" name="Conversii" time="12.097" errors="0" timestamp="2025-01-12T09:59:09 EET">
  <testcase classname="automation.testng.testcases.TC002_Existentei_Optiunilor_Valutare" name="TC002_Existentei_Optiunilor_Valutare" time="0.268"/>
  <testcase classname="automation.testng.testcases.TC003_Conversie_Valutara_Corecta" name="TC003_Conversie_Valutara_Corecta" time="0.52">
    <failure type="java.lang.AssertionError" message="Expected to end with: &amp;apos;140 USD&amp;apos; but got &amp;apos;Ai ales să schimbi din CAD în USD
Suma pe care o dorești a fi schimbată: 100 CAD
Conform cursului BNR din 19.11.2024, suma convertită în USD este: 71 EUR&amp;apos; expected [true] but found [false]">
      <![CDATA[java.lang.AssertionError: Expected to end with: '140 USD' but got 'Ai ales să schimbi din CAD în USD
Suma pe care o dorești a fi schimbată: 100 CAD
Conform cursului BNR din 19.11.2024, suma convertită în USD este: 71 EUR' expected [true] but found [false]
at automation.testng.testcases.BaseTest.checkEndsWith(BaseTest.java:48)
at automation.testng.testcases.TC003_Conversie_Valutara_Corecta.TC003_Conversie_Valutara_Corecta(TC003_Conversie_Valutara_Corecta.java:23)
at java.base/java.util.ArrayList.forEach(ArrayList.java:1511)
... Removed 32 stack frames]]>
    </failure>
  </testcase> <!-- TC003_Conversie_Valutara_Corecta -->
  <testcase classname="automation.testng.testcases.TC003_Conversie_Valutara_Corecta" name="TC003_Conversie_Valutara_Corecta" time="0.582">
    <failure type="java.lang.AssertionError" message="Valuta sursa s-a schimbat la reincarcarea paginii expected [EUR] but found [RON]">
      <![CDATA[java.lang.AssertionError: Valuta sursa s-a schimbat la reincarcarea paginii expected [EUR] but found [RON]
at automation.testng.testcases.TC003_Conversie_Valutara_Corecta.TC003_Conversie_Valutara_Corecta(TC003_Conversie_Valutara_Corecta.java:26)
at java.base/java.util.ArrayList.forEach(ArrayList.java:1511)
... Removed 33 stack frames]]>
    </failure>
  </testcase> <!-- TC003_Conversie_Valutara_Corecta -->
  <testcase classname="automation.testng.testcases.TC003_Conversie_Valutara_Corecta" name="TC003_Conversie_Valutara_Corecta" time="0.494">
    <failure type="java.lang.AssertionError" message="Valuta sursa s-a schimbat la reincarcarea paginii expected [RON] but found [RON]">
      <![CDATA[java.lang.AssertionError: Valuta sursa s-a schimbat la reincarcarea paginii expected [RON] but found [RON]
at automation.testng.testcases.TC003_Conversie_Valutara_Corecta.TC003_Conversie_Valutara_Corecta(TC003_Conversie_Valutara_Corecta.java:26)
at java.base/java.util.ArrayList.forEach(ArrayList.java:1511)
... Removed 33 stack frames]]>
    </failure>
  </testcase> <!-- TC003_Conversie_Valutara_Corecta -->
  <testcase classname="automation.testng.testcases.TC005_Conversie_Neaplicata" name="TC005_Conversie_Neaplicata" time="0.001">
    <failure type="org.testng.internal.reflect.MethodMatcherException" message="
[public void automation.testng.testcases.TC005_Conversie_Neaplicata.TC005_Conversie_Neaplicata(automation.enums.Language,automation.enums.Currency,automation.enums.Currency,java.lang.String,java.lang.String) throws java.lang.InterruptedException] has no parameters defined but was found to be using a data provider (either explicitly specified or inherited from class level annotation).
Data provider mismatch
Method: TC005_Conversie_Neaplicata([automation.enums.Language arg0, automation.enums.Currency arg1, automation.enums.Currency arg2, java.lang.String arg3, java.lang.String arg4])
Arguments: [(automation.enums.Language) RO,(automation.enums.Currency) RON,(java.lang.String) 23,(java.lang.String) Suma rămâne neschimbată]">
      <![CDATA[org.testng.internal.reflect.MethodMatcherException: 
[public void automation.testng.testcases.TC005_Conversie_Neaplicata.TC005_Conversie_Neaplicata(automation.enums.Language,automation.enums.Currency,automation.enums.Currency,java.lang.String,java.lang.String) throws java.lang.InterruptedException] has no parameters defined but was found to be using a data provider (either explicitly specified or inherited from class level annotation).
Data provider mismatch
Method: TC005_Conversie_Neaplicata([automation.enums.Language arg0, automation.enums.Currency arg1, automation.enums.Currency arg2, java.lang.String arg3, java.lang.String arg4])
Arguments: [(automation.enums.Language) RO,(automation.enums.Currency) RON,(java.lang.String) 23,(java.lang.String) Suma rămâne neschimbată]
at java.base/java.util.ArrayList.forEach(ArrayList.java:1511)
... Removed 26 stack frames]]>
    </failure>
  </testcase> <!-- TC005_Conversie_Neaplicata -->
  <testcase classname="automation.testng.testcases.TC006_Conversie_Valori_Negative" name="TC006_Conversie_Valori_Negative" time="0.54"/>
  <testcase classname="automation.testng.testcases.TC006_Conversie_Valori_Negative" name="TC006_Conversie_Valori_Negative" time="0.504"/>
  <testcase classname="automation.testng.testcases.TC006_Conversie_Valori_Negative" name="TC006_Conversie_Valori_Negative" time="0.484"/>
</testsuite> <!-- Conversii -->
