<?xml version="1.0" encoding="UTF-8"?>
<!-- Generated by org.testng.reporters.JUnitXMLReporter -->
<testsuite ignored="0" hostname="DESKTOP-KRDCMEH" failures="2" tests="4" name="Localizare aplicatie" time="9.412" errors="0" timestamp="2025-01-12T09:58:57 EET">
  <testcase classname="automation.testng.testcases.TC001_Selectarea_Limbii_Interfetei" name="TC001_Selectarea_Limbii_Interfetei" time="0.52"/>
  <testcase classname="automation.testng.testcases.TC001_Selectarea_Limbii_Interfetei" name="TC001_Selectarea_Limbii_Interfetei" time="0.657">
    <failure type="java.lang.AssertionError" message="Expected to end with: &amp;apos;Selon le taux de change de la BNR du 19.11.2024, le montant converti en EUR est: 0,2 EUR&amp;apos; but got &amp;apos;Vous avez choisi de convertir de RON en EUR
Le montant que vous souhaitez convertir est: 1 RON
Selon le taux de change de la BNR du 19.11.2024, le montant converti en EUR est: 1 EUR EUR&amp;apos; expected [true] but found [false]">
      <![CDATA[java.lang.AssertionError: Expected to end with: 'Selon le taux de change de la BNR du 19.11.2024, le montant converti en EUR est: 0,2 EUR' but got 'Vous avez choisi de convertir de RON en EUR
Le montant que vous souhaitez convertir est: 1 RON
Selon le taux de change de la BNR du 19.11.2024, le montant converti en EUR est: 1 EUR EUR' expected [true] but found [false]
at automation.testng.testcases.BaseTest.checkEndsWith(BaseTest.java:48)
at automation.testng.testcases.TC001_Selectarea_Limbii_Interfetei.TC001_Selectarea_Limbii_Interfetei(TC001_Selectarea_Limbii_Interfetei.java:20)
at java.base/java.util.ArrayList.forEach(ArrayList.java:1511)
... Removed 32 stack frames]]>
    </failure>
  </testcase> <!-- TC001_Selectarea_Limbii_Interfetei -->
  <testcase classname="automation.testng.testcases.TC001_Selectarea_Limbii_Interfetei" name="TC001_Selectarea_Limbii_Interfetei" time="0.74">
    <failure type="java.lang.AssertionError" message="Expected to end with: &amp;apos;A 2024.11.19-i BNR árfolyam szerint az átváltott összeg EUR-ban: 0,2 EUR&amp;apos; but got &amp;apos;A kiválasztott átváltás: RON-ról EUR-ra
Az átváltani kívánt összeg: 1 RON
A 2024.11.19-i BNR árfolyam szerint az átváltott összeg: 0,2 EUR&amp;apos; expected [true] but found [false]">
      <![CDATA[java.lang.AssertionError: Expected to end with: 'A 2024.11.19-i BNR árfolyam szerint az átváltott összeg EUR-ban: 0,2 EUR' but got 'A kiválasztott átváltás: RON-ról EUR-ra
Az átváltani kívánt összeg: 1 RON
A 2024.11.19-i BNR árfolyam szerint az átváltott összeg: 0,2 EUR' expected [true] but found [false]
at automation.testng.testcases.BaseTest.checkEndsWith(BaseTest.java:48)
at automation.testng.testcases.TC001_Selectarea_Limbii_Interfetei.TC001_Selectarea_Limbii_Interfetei(TC001_Selectarea_Limbii_Interfetei.java:20)
at java.base/java.util.ArrayList.forEach(ArrayList.java:1511)
... Removed 32 stack frames]]>
    </failure>
  </testcase> <!-- TC001_Selectarea_Limbii_Interfetei -->
  <testcase classname="automation.testng.testcases.TC001_Selectarea_Limbii_Interfetei" name="TC001_Selectarea_Limbii_Interfetei" time="0.853"/>
</testsuite> <!-- Localizare aplicatie -->
