<?xml version="1.0" encoding="UTF-8"?>
<!-- Generated by org.testng.reporters.JUnitXMLReporter -->
<testsuite ignored="0" hostname="DESKTOP-KRDCMEH" failures="0" tests="4" name="Conversii" time="19.273" errors="0" timestamp="2025-01-12T10:01:05 EET">
  <testcase classname="automation.testng.testcases.TC002_Existentei_Optiunilor_Valutare" name="TC002_Existentei_Optiunilor_Valutare" time="0.33"/>
  <testcase classname="automation.testng.testcases.TC006_Conversie_Valori_Negative" name="TC006_Conversie_Valori_Negative" time="0.831"/>
  <testcase classname="automation.testng.testcases.TC006_Conversie_Valori_Negative" name="TC006_Conversie_Valori_Negative" time="0.684"/>
  <testcase classname="automation.testng.testcases.TC006_Conversie_Valori_Negative" name="TC006_Conversie_Valori_Negative" time="0.556"/>
</testsuite> <!-- Conversii -->
